<?xml version="1.0" encoding="UTF-8"?>
<!-- Generated by org.testng.reporters.JUnitReportReporter -->
<testsuite hostname="WONDR9LGW9M6C2" failures="0" tests="2" name="com.sellabs.MyTestclass1" time="0.009" errors="0" timestamp="2022-06-05T20:44:04 IST" skipped="0">
  <testcase classname="com.sellabs.MyTestclass1" name="myTestMethod2" time="0.005"/>
  <system-out/>
  <testcase classname="com.sellabs.MyTestclass1" name="myTestMethod1" time="0.004"/>
  <system-out/>
</testsuite> <!-- com.sellabs.MyTestclass1 -->
