<?xml version="1.0" encoding="UTF-8"?>
<!-- Generated by org.testng.reporters.JUnitReportReporter -->
<testsuite hostname="WONDR9LGW9M6C2" failures="0" tests="1" name="com.sellabs.ParameterExample" time="0.016" errors="0" timestamp="2022-06-05T20:57:45 IST" skipped="0">
  <testcase classname="com.sellabs.ParameterExample" name="ops" time="0.016"/>
  <system-out/>
</testsuite> <!-- com.sellabs.ParameterExample -->
