<?xml version="1.0" encoding="UTF-8"?>
<!-- Generated by org.testng.reporters.JUnitReportReporter -->
<testsuite hostname="WONDR9LGW9M6C2" failures="0" tests="1" name="com.sellabs.ExcelDataHandling" time="0.289" errors="0" timestamp="2022-06-05T21:29:53 IST" skipped="0">
  <testcase classname="com.sellabs.ExcelDataHandling" name="fetchdata" time="0.289"/>
  <system-out/>
</testsuite> <!-- com.sellabs.ExcelDataHandling -->
