<?xml version="1.0" encoding="UTF-8"?>
<!-- Generated by org.testng.reporters.JUnitReportReporter -->
<testsuite skipped="0" hostname="WONDR9LGW9M6C2" name="com.sellabs.TestNg" tests="4" failures="0" timestamp="2022-06-06T10:55:59 IST" time="0.031" errors="0">
  <testcase name="D" time="0.008" classname="com.sellabs.TestNg"/>
  <system-out/>
  <testcase name="C" time="0.006" classname="com.sellabs.TestNg"/>
  <system-out/>
  <testcase name="A" time="0.012" classname="com.sellabs.TestNg"/>
  <system-out/>
  <testcase name="B" time="0.005" classname="com.sellabs.TestNg"/>
  <system-out/>
</testsuite> <!-- com.sellabs.TestNg -->
