<?xml version="1.0" encoding="UTF-8"?>
<!-- Generated by org.testng.reporters.JUnitReportReporter -->
<testsuite skipped="0" hostname="WONDR9LGW9M6C2" name="com.sellabs.TestngProgOne" tests="3" failures="0" timestamp="2022-06-06T10:55:59 IST" time="0.031" errors="0">
  <testcase name="G" time="0.003" classname="com.sellabs.TestngProgOne"/>
  <system-out/>
  <testcase name="F" time="0.003" classname="com.sellabs.TestngProgOne"/>
  <system-out/>
  <testcase name="E" time="0.025" classname="com.sellabs.TestngProgOne"/>
  <system-out/>
</testsuite> <!-- com.sellabs.TestngProgOne -->
