<?xml version="1.0" encoding="UTF-8"?>
<!-- Generated by org.testng.reporters.JUnitReportReporter -->
<testsuite hostname="WONDR9LGW9M6C2" failures="0" tests="2" name="com.sellabs.MyTestClass2" time="0.025" errors="0" timestamp="2022-06-05T20:44:04 IST" skipped="0">
  <testcase classname="com.sellabs.MyTestClass2" name="myTestMethod3" time="0.015"/>
  <system-out/>
  <testcase classname="com.sellabs.MyTestClass2" name="myTestMethod4" time="0.010"/>
  <system-out/>
</testsuite> <!-- com.sellabs.MyTestClass2 -->
