<?xml version="1.0" encoding="UTF-8"?>
<!-- Generated by org.testng.reporters.JUnitReportReporter -->
<testsuite hostname="WONDR9LGW9M6C2" failures="0" tests="2" name="com.sellabs.GroupTest" time="0.038" errors="0" timestamp="2022-06-06T08:27:56 IST" skipped="0">
  <testcase classname="com.sellabs.GroupTest" name="advancedSearch" time="0.020"/>
  <system-out/>
  <testcase classname="com.sellabs.GroupTest" name="buyProducts" time="0.018"/>
  <system-out/>
</testsuite> <!-- com.sellabs.GroupTest -->
